[2026-02-06 12:23:07] [INFO] ================================================================================
[2026-02-06 12:23:07] [INFO] BASELINE MODELS TRAINING
[2026-02-06 12:23:07] [INFO] ================================================================================
[2026-02-06 12:23:07] [INFO] 
Applying data augmentation...
[2026-02-06 12:23:13] [INFO] 
Building vocabulary...
[2026-02-06 12:23:17] [INFO] 
Creating data loaders...
[2026-02-06 12:23:24] [INFO] 
Class weights: tensor([1.0000, 1.0000, 1.0000])
[2026-02-06 12:23:24] [INFO] 
================================================================================
[2026-02-06 12:23:24] [INFO] TRAINING FASTTEXT MODEL
[2026-02-06 12:23:24] [INFO] ================================================================================
[2026-02-06 12:23:24] [INFO] 
Model parameters: 2,005,203
[2026-02-06 12:23:24] [INFO] 
Starting training for 20 epochs
[2026-02-06 12:23:24] [INFO] Learning rate: 0.001
[2026-02-06 12:23:24] [INFO] Warmup steps: 874
[2026-02-06 12:23:24] [INFO] Total steps: 8740
[2026-02-06 12:23:24] [INFO] 
================================================================================
[2026-02-06 12:23:24] [INFO] Epoch 1/20
[2026-02-06 12:23:24] [INFO] ================================================================================
[2026-02-06 12:23:27] [INFO] 
Epoch 1 Results:
[2026-02-06 12:23:27] [INFO]   Train Loss: 0.4350, Train Acc: 0.5421
[2026-02-06 12:23:27] [INFO]   Val Loss:   0.3342, Val Acc:   0.6428
[2026-02-06 12:23:27] [INFO]   [BEST] New best model! Val Loss: 0.3342
[2026-02-06 12:23:27] [INFO] 
================================================================================
[2026-02-06 12:23:27] [INFO] Epoch 2/20
[2026-02-06 12:23:27] [INFO] ================================================================================
[2026-02-06 12:23:29] [INFO] 
Epoch 2 Results:
[2026-02-06 12:23:29] [INFO]   Train Loss: 0.2874, Train Acc: 0.6910
[2026-02-06 12:23:29] [INFO]   Val Loss:   0.3061, Val Acc:   0.6652
[2026-02-06 12:23:29] [INFO]   [BEST] New best model! Val Loss: 0.3061
[2026-02-06 12:23:29] [INFO] 
================================================================================
[2026-02-06 12:23:29] [INFO] Epoch 3/20
[2026-02-06 12:23:29] [INFO] ================================================================================
[2026-02-06 12:23:32] [INFO] 
Epoch 3 Results:
[2026-02-06 12:23:32] [INFO]   Train Loss: 0.2248, Train Acc: 0.7564
[2026-02-06 12:23:32] [INFO]   Val Loss:   0.3267, Val Acc:   0.6530
[2026-02-06 12:23:32] [INFO] 
================================================================================
[2026-02-06 12:23:32] [INFO] Epoch 4/20
[2026-02-06 12:23:32] [INFO] ================================================================================
[2026-02-06 12:23:34] [INFO] 
Epoch 4 Results:
[2026-02-06 12:23:34] [INFO]   Train Loss: 0.1809, Train Acc: 0.7997
[2026-02-06 12:23:34] [INFO]   Val Loss:   0.3662, Val Acc:   0.6501
[2026-02-06 12:23:34] [INFO] 
================================================================================
[2026-02-06 12:23:34] [INFO] Epoch 5/20
[2026-02-06 12:23:34] [INFO] ================================================================================
[2026-02-06 12:23:37] [INFO] 
Epoch 5 Results:
[2026-02-06 12:23:37] [INFO]   Train Loss: 0.1549, Train Acc: 0.8236
[2026-02-06 12:23:37] [INFO]   Val Loss:   0.4178, Val Acc:   0.6392
[2026-02-06 12:23:37] [INFO] 
================================================================================
[2026-02-06 12:23:37] [INFO] Epoch 6/20
[2026-02-06 12:23:37] [INFO] ================================================================================
[2026-02-06 12:23:39] [INFO] 
Epoch 6 Results:
[2026-02-06 12:23:39] [INFO]   Train Loss: 0.1348, Train Acc: 0.8408
[2026-02-06 12:23:39] [INFO]   Val Loss:   0.4530, Val Acc:   0.6306
[2026-02-06 12:23:39] [INFO] 
================================================================================
[2026-02-06 12:23:39] [INFO] Epoch 7/20
[2026-02-06 12:23:39] [INFO] ================================================================================
[2026-02-06 12:23:42] [INFO] 
Epoch 7 Results:
[2026-02-06 12:23:42] [INFO]   Train Loss: 0.1161, Train Acc: 0.8608
[2026-02-06 12:23:42] [INFO]   Val Loss:   0.5043, Val Acc:   0.6373
[2026-02-06 12:23:42] [INFO] 
[WARNING]  Early stopping triggered after 7 epochs
[2026-02-06 12:23:42] [INFO] Best epoch: 2, Best val loss: 0.3061
[2026-02-06 12:23:42] [INFO] 
[SUCCESS] Loaded best model from epoch 2
[2026-02-06 12:23:42] [INFO] 
FASTTEXT Test Results:
[2026-02-06 12:23:42] [INFO]   Accuracy: 0.6524
[2026-02-06 12:23:42] [INFO]   F1 (Macro): 0.6564
[2026-02-06 12:23:42] [INFO]   F1 (Weighted): 0.6532
[2026-02-06 12:23:42] [INFO] 
================================================================================
[2026-02-06 12:23:42] [INFO] TRAINING BILSTM MODEL
[2026-02-06 12:23:42] [INFO] ================================================================================
[2026-02-06 12:23:42] [INFO] 
Model parameters: 4,865,283
[2026-02-06 12:23:42] [INFO] 
Starting training for 20 epochs
[2026-02-06 12:23:42] [INFO] Learning rate: 0.003
[2026-02-06 12:23:42] [INFO] Warmup steps: 874
[2026-02-06 12:23:42] [INFO] Total steps: 8740
[2026-02-06 12:23:42] [INFO] 
================================================================================
[2026-02-06 12:23:42] [INFO] Epoch 1/20
[2026-02-06 12:23:42] [INFO] ================================================================================
[2026-02-06 12:24:00] [INFO] 
Epoch 1 Results:
[2026-02-06 12:24:00] [INFO]   Train Loss: 0.4381, Train Acc: 0.5467
[2026-02-06 12:24:00] [INFO]   Val Loss:   0.3437, Val Acc:   0.6498
[2026-02-06 12:24:00] [INFO]   [BEST] New best model! Val Loss: 0.3437
[2026-02-06 12:24:00] [INFO] 
================================================================================
[2026-02-06 12:24:00] [INFO] Epoch 2/20
[2026-02-06 12:24:00] [INFO] ================================================================================
[2026-02-06 12:24:18] [INFO] 
Epoch 2 Results:
[2026-02-06 12:24:18] [INFO]   Train Loss: 0.3550, Train Acc: 0.6334
[2026-02-06 12:24:18] [INFO]   Val Loss:   0.3406, Val Acc:   0.6447
[2026-02-06 12:24:18] [INFO]   [BEST] New best model! Val Loss: 0.3406
[2026-02-06 12:24:18] [INFO] 
================================================================================
[2026-02-06 12:24:18] [INFO] Epoch 3/20
[2026-02-06 12:24:18] [INFO] ================================================================================
[2026-02-06 12:24:36] [INFO] 
Epoch 3 Results:
[2026-02-06 12:24:36] [INFO]   Train Loss: 0.3513, Train Acc: 0.6335
[2026-02-06 12:24:36] [INFO]   Val Loss:   0.3365, Val Acc:   0.6524
[2026-02-06 12:24:36] [INFO]   [BEST] New best model! Val Loss: 0.3365
[2026-02-06 12:24:36] [INFO] 
================================================================================
[2026-02-06 12:24:36] [INFO] Epoch 4/20
[2026-02-06 12:24:36] [INFO] ================================================================================
[2026-02-06 12:24:53] [INFO] 
Epoch 4 Results:
[2026-02-06 12:24:53] [INFO]   Train Loss: 0.3490, Train Acc: 0.6389
[2026-02-06 12:24:53] [INFO]   Val Loss:   0.3367, Val Acc:   0.6536
[2026-02-06 12:24:53] [INFO] 
================================================================================
[2026-02-06 12:24:53] [INFO] Epoch 5/20
[2026-02-06 12:24:53] [INFO] ================================================================================
[2026-02-06 12:25:11] [INFO] 
Epoch 5 Results:
[2026-02-06 12:25:11] [INFO]   Train Loss: 0.3490, Train Acc: 0.6391
[2026-02-06 12:25:11] [INFO]   Val Loss:   0.3359, Val Acc:   0.6540
[2026-02-06 12:25:11] [INFO]   [BEST] New best model! Val Loss: 0.3359
[2026-02-06 12:25:11] [INFO] 
================================================================================
[2026-02-06 12:25:11] [INFO] Epoch 6/20
[2026-02-06 12:25:11] [INFO] ================================================================================
[2026-02-06 12:25:29] [INFO] 
Epoch 6 Results:
[2026-02-06 12:25:29] [INFO]   Train Loss: 0.3496, Train Acc: 0.6409
[2026-02-06 12:25:29] [INFO]   Val Loss:   0.3335, Val Acc:   0.6514
[2026-02-06 12:25:29] [INFO]   [BEST] New best model! Val Loss: 0.3335
[2026-02-06 12:25:29] [INFO] 
================================================================================
[2026-02-06 12:25:29] [INFO] Epoch 7/20
[2026-02-06 12:25:29] [INFO] ================================================================================
[2026-02-06 12:25:47] [INFO] 
Epoch 7 Results:
[2026-02-06 12:25:47] [INFO]   Train Loss: 0.3471, Train Acc: 0.6415
[2026-02-06 12:25:47] [INFO]   Val Loss:   0.3330, Val Acc:   0.6530
[2026-02-06 12:25:47] [INFO]   [BEST] New best model! Val Loss: 0.3330
[2026-02-06 12:25:47] [INFO] 
================================================================================
[2026-02-06 12:25:47] [INFO] Epoch 8/20
[2026-02-06 12:25:47] [INFO] ================================================================================
[2026-02-06 12:26:05] [INFO] 
Epoch 8 Results:
[2026-02-06 12:26:05] [INFO]   Train Loss: 0.3472, Train Acc: 0.6422
[2026-02-06 12:26:05] [INFO]   Val Loss:   0.3336, Val Acc:   0.6543
[2026-02-06 12:26:05] [INFO] 
================================================================================
[2026-02-06 12:26:05] [INFO] Epoch 9/20
[2026-02-06 12:26:05] [INFO] ================================================================================
[2026-02-06 12:26:22] [INFO] 
Epoch 9 Results:
[2026-02-06 12:26:22] [INFO]   Train Loss: 0.3460, Train Acc: 0.6422
[2026-02-06 12:26:22] [INFO]   Val Loss:   0.3347, Val Acc:   0.6498
[2026-02-06 12:26:22] [INFO] 
================================================================================
[2026-02-06 12:26:22] [INFO] Epoch 10/20
[2026-02-06 12:26:22] [INFO] ================================================================================
[2026-02-06 12:26:40] [INFO] 
Epoch 10 Results:
[2026-02-06 12:26:40] [INFO]   Train Loss: 0.3467, Train Acc: 0.6442
[2026-02-06 12:26:40] [INFO]   Val Loss:   0.3343, Val Acc:   0.6511
[2026-02-06 12:26:40] [INFO] 
================================================================================
[2026-02-06 12:26:40] [INFO] Epoch 11/20
[2026-02-06 12:26:40] [INFO] ================================================================================
[2026-02-06 12:26:58] [INFO] 
Epoch 11 Results:
[2026-02-06 12:26:58] [INFO]   Train Loss: 0.3467, Train Acc: 0.6452
[2026-02-06 12:26:58] [INFO]   Val Loss:   0.3364, Val Acc:   0.6508
[2026-02-06 12:26:58] [INFO] 
================================================================================
[2026-02-06 12:26:58] [INFO] Epoch 12/20
[2026-02-06 12:26:58] [INFO] ================================================================================
[2026-02-06 12:27:16] [INFO] 
Epoch 12 Results:
[2026-02-06 12:27:16] [INFO]   Train Loss: 0.3463, Train Acc: 0.6444
[2026-02-06 12:27:16] [INFO]   Val Loss:   0.3324, Val Acc:   0.6530
[2026-02-06 12:27:16] [INFO]   [BEST] New best model! Val Loss: 0.3324
[2026-02-06 12:27:16] [INFO] 
================================================================================
[2026-02-06 12:27:16] [INFO] Epoch 13/20
[2026-02-06 12:27:16] [INFO] ================================================================================
[2026-02-06 12:27:34] [INFO] 
Epoch 13 Results:
[2026-02-06 12:27:34] [INFO]   Train Loss: 0.3451, Train Acc: 0.6450
[2026-02-06 12:27:34] [INFO]   Val Loss:   0.3339, Val Acc:   0.6530
[2026-02-06 12:27:34] [INFO] 
================================================================================
[2026-02-06 12:27:34] [INFO] Epoch 14/20
[2026-02-06 12:27:34] [INFO] ================================================================================
[2026-02-06 12:27:52] [INFO] 
Epoch 14 Results:
[2026-02-06 12:27:52] [INFO]   Train Loss: 0.3458, Train Acc: 0.6462
[2026-02-06 12:27:52] [INFO]   Val Loss:   0.3328, Val Acc:   0.6540
[2026-02-06 12:27:52] [INFO] 
================================================================================
[2026-02-06 12:27:52] [INFO] Epoch 15/20
[2026-02-06 12:27:52] [INFO] ================================================================================
[2026-02-06 12:28:11] [INFO] 
Epoch 15 Results:
[2026-02-06 12:28:11] [INFO]   Train Loss: 0.3454, Train Acc: 0.6453
[2026-02-06 12:28:11] [INFO]   Val Loss:   0.3338, Val Acc:   0.6517
[2026-02-06 12:28:11] [INFO] 
================================================================================
[2026-02-06 12:28:11] [INFO] Epoch 16/20
[2026-02-06 12:28:11] [INFO] ================================================================================
[2026-02-06 12:28:29] [INFO] 
Epoch 16 Results:
[2026-02-06 12:28:29] [INFO]   Train Loss: 0.3444, Train Acc: 0.6471
[2026-02-06 12:28:29] [INFO]   Val Loss:   0.3339, Val Acc:   0.6524
[2026-02-06 12:28:29] [INFO] 
================================================================================
[2026-02-06 12:28:29] [INFO] Epoch 17/20
[2026-02-06 12:28:29] [INFO] ================================================================================
[2026-02-06 12:28:47] [INFO] 
Epoch 17 Results:
[2026-02-06 12:28:47] [INFO]   Train Loss: 0.3451, Train Acc: 0.6459
[2026-02-06 12:28:47] [INFO]   Val Loss:   0.3331, Val Acc:   0.6549
[2026-02-06 12:28:47] [INFO] 
[WARNING]  Early stopping triggered after 17 epochs
[2026-02-06 12:28:47] [INFO] Best epoch: 12, Best val loss: 0.3324
[2026-02-06 12:28:47] [INFO] 
[SUCCESS] Loaded best model from epoch 12
[2026-02-06 12:28:48] [INFO] 
BILSTM Test Results:
[2026-02-06 12:28:48] [INFO]   Accuracy: 0.6472
[2026-02-06 12:28:48] [INFO]   F1 (Macro): 0.6459
[2026-02-06 12:28:48] [INFO]   F1 (Weighted): 0.6425
[2026-02-06 12:28:48] [INFO] 
================================================================================
[2026-02-06 12:28:48] [INFO] TRAINING TRANSFORMER MODEL
[2026-02-06 12:28:48] [INFO] ================================================================================
[2026-02-06 12:28:48] [INFO] 
Model parameters: 5,752,323
[2026-02-06 12:28:48] [INFO] 
Starting training for 25 epochs
[2026-02-06 12:28:48] [INFO] Learning rate: 0.0001
[2026-02-06 12:28:48] [INFO] Warmup steps: 1092
[2026-02-06 12:28:48] [INFO] Total steps: 10925
[2026-02-06 12:28:48] [INFO] 
================================================================================
[2026-02-06 12:28:48] [INFO] Epoch 1/25
[2026-02-06 12:28:48] [INFO] ================================================================================
[2026-02-06 12:29:04] [INFO] 
Epoch 1 Results:
[2026-02-06 12:29:04] [INFO]   Train Loss: 0.5624, Train Acc: 0.3633
[2026-02-06 12:29:04] [INFO]   Val Loss:   0.4231, Val Acc:   0.5051
[2026-02-06 12:29:04] [INFO]   [BEST] New best model! Val Loss: 0.4231
[2026-02-06 12:29:04] [INFO] 
================================================================================
[2026-02-06 12:29:04] [INFO] Epoch 2/25
[2026-02-06 12:29:04] [INFO] ================================================================================
[2026-02-06 12:29:21] [INFO] 
Epoch 2 Results:
[2026-02-06 12:29:21] [INFO]   Train Loss: 0.3783, Train Acc: 0.5605
[2026-02-06 12:29:21] [INFO]   Val Loss:   0.3325, Val Acc:   0.6255
[2026-02-06 12:29:21] [INFO]   [BEST] New best model! Val Loss: 0.3325
[2026-02-06 12:29:21] [INFO] 
================================================================================
[2026-02-06 12:29:21] [INFO] Epoch 3/25
[2026-02-06 12:29:21] [INFO] ================================================================================
[2026-02-06 12:29:38] [INFO] 
Epoch 3 Results:
[2026-02-06 12:29:38] [INFO]   Train Loss: 0.2863, Train Acc: 0.6814
[2026-02-06 12:29:38] [INFO]   Val Loss:   0.2950, Val Acc:   0.6956
[2026-02-06 12:29:38] [INFO]   [BEST] New best model! Val Loss: 0.2950
[2026-02-06 12:29:38] [INFO] 
================================================================================
[2026-02-06 12:29:38] [INFO] Epoch 4/25
[2026-02-06 12:29:38] [INFO] ================================================================================
[2026-02-06 12:29:55] [INFO] 
Epoch 4 Results:
[2026-02-06 12:29:55] [INFO]   Train Loss: 0.2336, Train Acc: 0.7420
[2026-02-06 12:29:55] [INFO]   Val Loss:   0.3570, Val Acc:   0.6949
[2026-02-06 12:29:55] [INFO] 
================================================================================
[2026-02-06 12:29:55] [INFO] Epoch 5/25
[2026-02-06 12:29:55] [INFO] ================================================================================
[2026-02-06 12:30:12] [INFO] 
Epoch 5 Results:
[2026-02-06 12:30:12] [INFO]   Train Loss: 0.1879, Train Acc: 0.7880
[2026-02-06 12:30:12] [INFO]   Val Loss:   0.3248, Val Acc:   0.6783
[2026-02-06 12:30:12] [INFO] 
================================================================================
[2026-02-06 12:30:12] [INFO] Epoch 6/25
[2026-02-06 12:30:12] [INFO] ================================================================================
[2026-02-06 12:30:29] [INFO] 
Epoch 6 Results:
[2026-02-06 12:30:29] [INFO]   Train Loss: 0.1537, Train Acc: 0.8227
[2026-02-06 12:30:29] [INFO]   Val Loss:   0.3745, Val Acc:   0.6777
[2026-02-06 12:30:29] [INFO] 
================================================================================
[2026-02-06 12:30:29] [INFO] Epoch 7/25
[2026-02-06 12:30:29] [INFO] ================================================================================
[2026-02-06 12:30:46] [INFO] 
Epoch 7 Results:
[2026-02-06 12:30:46] [INFO]   Train Loss: 0.1258, Train Acc: 0.8528
[2026-02-06 12:30:46] [INFO]   Val Loss:   0.5102, Val Acc:   0.6674
[2026-02-06 12:30:46] [INFO] 
================================================================================
[2026-02-06 12:30:46] [INFO] Epoch 8/25
[2026-02-06 12:30:46] [INFO] ================================================================================
[2026-02-06 12:31:03] [INFO] 
Epoch 8 Results:
[2026-02-06 12:31:03] [INFO]   Train Loss: 0.1056, Train Acc: 0.8768
[2026-02-06 12:31:03] [INFO]   Val Loss:   0.5066, Val Acc:   0.6559
[2026-02-06 12:31:03] [INFO] 
[WARNING]  Early stopping triggered after 8 epochs
[2026-02-06 12:31:03] [INFO] Best epoch: 3, Best val loss: 0.2950
[2026-02-06 12:31:03] [INFO] 
[SUCCESS] Loaded best model from epoch 3
[2026-02-06 12:31:04] [INFO] 
TRANSFORMER Test Results:
[2026-02-06 12:31:04] [INFO]   Accuracy: 0.6898
[2026-02-06 12:31:04] [INFO]   F1 (Macro): 0.6919
[2026-02-06 12:31:04] [INFO]   F1 (Weighted): 0.6892
[2026-02-06 12:31:04] [INFO] 
================================================================================
[2026-02-06 12:31:04] [INFO] BASELINE TRAINING COMPLETE
[2026-02-06 12:31:04] [INFO] ================================================================================
[2026-02-06 12:31:04] [INFO] 
Model Comparison:
[2026-02-06 12:31:04] [INFO] 
FASTTEXT:
[2026-02-06 12:31:04] [INFO]   Accuracy: 0.6524
[2026-02-06 12:31:04] [INFO]   F1 (Macro): 0.6564
[2026-02-06 12:31:04] [INFO] 
BILSTM:
[2026-02-06 12:31:04] [INFO]   Accuracy: 0.6472
[2026-02-06 12:31:04] [INFO]   F1 (Macro): 0.6459
[2026-02-06 12:31:04] [INFO] 
TRANSFORMER:
[2026-02-06 12:31:04] [INFO]   Accuracy: 0.6898
[2026-02-06 12:31:04] [INFO]   F1 (Macro): 0.6919
