[2026-02-06 12:31:39] [INFO] ================================================================================
[2026-02-06 12:31:39] [INFO] PRETRAINED TRANSFORMERS TRAINING
[2026-02-06 12:31:39] [INFO] ================================================================================
[2026-02-06 12:31:40] [INFO] 
Applying data augmentation...
[2026-02-06 12:31:45] [INFO] 
Class weights: tensor([1.0000, 1.0000, 1.0000])
[2026-02-06 12:31:45] [INFO] 
================================================================================
[2026-02-06 12:31:45] [INFO] TRAINING ROBERTA MODEL
[2026-02-06 12:31:45] [INFO] ================================================================================
[2026-02-06 12:31:47] [INFO] 
Tokenizer loaded: roberta
[2026-02-06 12:31:47] [INFO] 
Model parameters: 125,016,579
[2026-02-06 12:31:49] [INFO] 
Starting training for 5 epochs
[2026-02-06 12:31:49] [INFO] Learning rate: 1e-05
[2026-02-06 12:31:49] [INFO] Warmup steps: 437
[2026-02-06 12:31:49] [INFO] Total steps: 4370
[2026-02-06 12:31:49] [INFO] 
================================================================================
[2026-02-06 12:31:49] [INFO] Epoch 1/5
[2026-02-06 12:31:49] [INFO] ================================================================================
[2026-02-06 12:37:13] [INFO] 
Epoch 1 Results:
[2026-02-06 12:37:13] [INFO]   Train Loss: 1.0967, Train Acc: 0.4504
[2026-02-06 12:37:13] [INFO]   Val Loss:   0.3627, Val Acc:   0.7497
[2026-02-06 12:37:14] [INFO]   [BEST] New best model! Val Loss: 0.3627
[2026-02-06 12:37:14] [INFO] 
================================================================================
[2026-02-06 12:37:14] [INFO] Epoch 2/5
[2026-02-06 12:37:14] [INFO] ================================================================================
[2026-02-06 12:42:39] [INFO] 
Epoch 2 Results:
[2026-02-06 12:42:39] [INFO]   Train Loss: 0.4887, Train Acc: 0.6553
[2026-02-06 12:42:39] [INFO]   Val Loss:   0.2421, Val Acc:   0.7698
[2026-02-06 12:42:41] [INFO]   [BEST] New best model! Val Loss: 0.2421
[2026-02-06 12:42:41] [INFO] 
================================================================================
[2026-02-06 12:42:41] [INFO] Epoch 3/5
[2026-02-06 12:42:41] [INFO] ================================================================================
[2026-02-06 12:48:05] [INFO] 
Epoch 3 Results:
[2026-02-06 12:48:05] [INFO]   Train Loss: 0.3830, Train Acc: 0.6979
[2026-02-06 12:48:05] [INFO]   Val Loss:   0.2554, Val Acc:   0.7618
[2026-02-06 12:48:05] [INFO] 
================================================================================
[2026-02-06 12:48:05] [INFO] Epoch 4/5
[2026-02-06 12:48:05] [INFO] ================================================================================
[2026-02-06 12:53:28] [INFO] 
Epoch 4 Results:
[2026-02-06 12:53:28] [INFO]   Train Loss: 0.3321, Train Acc: 0.7267
[2026-02-06 12:53:28] [INFO]   Val Loss:   0.2368, Val Acc:   0.7666
[2026-02-06 12:53:38] [INFO]   [BEST] New best model! Val Loss: 0.2368
[2026-02-06 12:53:38] [INFO] 
================================================================================
[2026-02-06 12:53:38] [INFO] Epoch 5/5
[2026-02-06 12:53:38] [INFO] ================================================================================
[2026-02-06 12:59:02] [INFO] 
Epoch 5 Results:
[2026-02-06 12:59:02] [INFO]   Train Loss: 0.3066, Train Acc: 0.7471
[2026-02-06 12:59:02] [INFO]   Val Loss:   0.2345, Val Acc:   0.7714
[2026-02-06 12:59:04] [INFO]   [BEST] New best model! Val Loss: 0.2345
[2026-02-06 12:59:05] [INFO] 
[SUCCESS] Loaded best model from epoch 5
[2026-02-06 12:59:16] [INFO] 
ROBERTA Test Results:
[2026-02-06 12:59:16] [INFO]   Accuracy: 0.7625
[2026-02-06 12:59:16] [INFO]   F1 (Macro): 0.7627
[2026-02-06 12:59:16] [INFO]   F1 (Weighted): 0.7588
[2026-02-06 12:59:16] [INFO] 
================================================================================
[2026-02-06 12:59:16] [INFO] TRAINING BERTWEET MODEL
[2026-02-06 12:59:16] [INFO] ================================================================================
[2026-02-06 12:59:17] [INFO] 
Tokenizer loaded: bertweet
[2026-02-06 12:59:19] [INFO] 
Model parameters: 135,197,187
[2026-02-06 12:59:19] [INFO] 
Starting training for 4 epochs
[2026-02-06 12:59:19] [INFO] Learning rate: 2e-05
[2026-02-06 12:59:19] [INFO] Warmup steps: 349
[2026-02-06 12:59:19] [INFO] Total steps: 3496
[2026-02-06 12:59:19] [INFO] 
================================================================================
[2026-02-06 12:59:19] [INFO] Epoch 1/4
[2026-02-06 12:59:19] [INFO] ================================================================================
[2026-02-06 13:04:50] [INFO] 
Epoch 1 Results:
[2026-02-06 13:04:50] [INFO]   Train Loss: 0.7729, Train Acc: 0.5508
[2026-02-06 13:04:50] [INFO]   Val Loss:   0.2216, Val Acc:   0.7596
[2026-02-06 13:04:52] [INFO]   [BEST] New best model! Val Loss: 0.2216
[2026-02-06 13:04:52] [INFO] 
================================================================================
[2026-02-06 13:04:52] [INFO] Epoch 2/4
[2026-02-06 13:04:52] [INFO] ================================================================================
[2026-02-06 13:10:22] [INFO] 
Epoch 2 Results:
[2026-02-06 13:10:22] [INFO]   Train Loss: 0.2724, Train Acc: 0.7300
[2026-02-06 13:10:22] [INFO]   Val Loss:   0.2152, Val Acc:   0.7599
[2026-02-06 13:10:24] [INFO]   [BEST] New best model! Val Loss: 0.2152
[2026-02-06 13:10:24] [INFO] 
================================================================================
[2026-02-06 13:10:24] [INFO] Epoch 3/4
[2026-02-06 13:10:24] [INFO] ================================================================================
[2026-02-06 13:15:54] [INFO] 
Epoch 3 Results:
[2026-02-06 13:15:54] [INFO]   Train Loss: 0.1978, Train Acc: 0.7912
[2026-02-06 13:15:54] [INFO]   Val Loss:   0.2067, Val Acc:   0.7750
[2026-02-06 13:16:07] [INFO]   [BEST] New best model! Val Loss: 0.2067
[2026-02-06 13:16:07] [INFO] 
================================================================================
[2026-02-06 13:16:07] [INFO] Epoch 4/4
[2026-02-06 13:16:07] [INFO] ================================================================================
[2026-02-06 13:21:37] [INFO] 
Epoch 4 Results:
[2026-02-06 13:21:37] [INFO]   Train Loss: 0.1602, Train Acc: 0.8296
[2026-02-06 13:21:37] [INFO]   Val Loss:   0.2119, Val Acc:   0.7708
[2026-02-06 13:21:38] [INFO] 
[SUCCESS] Loaded best model from epoch 3
[2026-02-06 13:21:49] [INFO] 
BERTWEET Test Results:
[2026-02-06 13:21:49] [INFO]   Accuracy: 0.7756
[2026-02-06 13:21:49] [INFO]   F1 (Macro): 0.7773
[2026-02-06 13:21:49] [INFO]   F1 (Weighted): 0.7741
[2026-02-06 13:21:49] [INFO] 
================================================================================
[2026-02-06 13:21:49] [INFO] PRETRAINED MODELS TRAINING COMPLETE
[2026-02-06 13:21:49] [INFO] ================================================================================
[2026-02-06 13:21:49] [INFO] 
Model Comparison:
[2026-02-06 13:21:49] [INFO] 
ROBERTA:
[2026-02-06 13:21:49] [INFO]   Accuracy: 0.7625
[2026-02-06 13:21:49] [INFO]   F1 (Macro): 0.7627
[2026-02-06 13:21:49] [INFO] 
BERTWEET:
[2026-02-06 13:21:49] [INFO]   Accuracy: 0.7756
[2026-02-06 13:21:49] [INFO]   F1 (Macro): 0.7773
